#
# There is insufficient memory for the Java Runtime Environment to continue.
# Native memory allocation (mmap) failed to map 65536 bytes for Failed to commit metaspace.
# Possible reasons:
#   The system is out of physical RAM or swap space
#   The process is running with CompressedOops enabled, and the Java Heap may be blocking the growth of the native heap
# Possible solutions:
#   Reduce memory load on the system
#   Increase physical memory or swap space
#   Check if swap backing store is full
#   Decrease Java heap size (-Xmx/-Xms)
#   Decrease number of Java threads
#   Decrease Java thread stack sizes (-Xss)
#   Set larger code cache with -XX:ReservedCodeCacheSize=
#   JVM is running with Unscaled Compressed Oops mode in which the Java heap is
#     placed in the first 4GB address space. The Java Heap base address is the
#     maximum limit for the native heap growth. Please use -XX:HeapBaseMinAddress
#     to set the Java Heap base and to place the Java Heap above 4GB virtual address.
# This output file may be truncated or incomplete.
#
#  Out of Memory Error (virtualSpaceNode.cpp:110), pid=39100, tid=34260
#
# JRE version: OpenJDK Runtime Environment JBR-17.0.9+7-1000.46-jcef (17.0.9+7) (build 17.0.9+7-b1000.46)
# Java VM: OpenJDK 64-Bit Server VM JBR-17.0.9+7-1000.46-jcef (17.0.9+7-b1000.46, mixed mode, tiered, compressed oops, compressed class ptrs, g1 gc, windows-amd64)
# No core dump will be written. Minidumps are not enabled by default on client versions of Windows
#

---------------  S U M M A R Y ------------

Command Line: git4idea.http.GitAskPassApp Username for 'https://github.com': 

Host: Intel(R) Core(TM) i7-8665U CPU @ 1.90GHz, 8 cores, 7G,  Windows 10 , 64 bit Build 19041 (10.0.19041.3636)
Time: Thu Apr  4 15:26:15 2024 GTB Daylight Time elapsed time: 0.248672 seconds (0d 0h 0m 0s)

---------------  T H R E A D  ---------------

Current thread (0x000001c8d4b6ef50):  JavaThread "main" [_thread_in_vm, id=34260, stack(0x0000006bb6000000,0x0000006bb6100000)]

Stack: [0x0000006bb6000000,0x0000006bb6100000]
Native frames: (J=compiled Java code, j=interpreted, Vv=VM code, C=native code)
V  [jvm.dll+0x6886e9]
V  [jvm.dll+0x841e4a]
V  [jvm.dll+0x843a8e]
V  [jvm.dll+0x8440f3]
V  [jvm.dll+0x24c14f]
V  [jvm.dll+0x83ce2b]
V  [jvm.dll+0x62cae6]
V  [jvm.dll+0x62cb4a]
V  [jvm.dll+0x62f37a]
V  [jvm.dll+0x62d486]
V  [jvm.dll+0x241220]
V  [jvm.dll+0x1efbab]
V  [jvm.dll+0x1e54cc]
V  [jvm.dll+0x54e1bc]
V  [jvm.dll+0x1f607b]
V  [jvm.dll+0x7ba54b]
V  [jvm.dll+0x7bb9bc]
V  [jvm.dll+0x7bbd08]
V  [jvm.dll+0x243bae]
V  [jvm.dll+0x243dff]
V  [jvm.dll+0x56c498]
V  [jvm.dll+0x56f417]
V  [jvm.dll+0x38c332]
V  [jvm.dll+0x38b99f]
C  0x000001c8e100a443

The last pc belongs to invokestatic (printed below).
Java frames: (J=compiled Java code, j=interpreted, Vv=VM code)
j  sun.security.ssl.SSLContextImpl.getApplicableSupportedCipherSuites(Ljava/util/List;)Ljava/util/List;+0 java.base@17.0.9
j  sun.security.ssl.SSLContextImpl$AbstractTLSContext.<clinit>()V+84 java.base@17.0.9
v  ~StubRoutines::call_stub
j  java.lang.Class.forName0(Ljava/lang/String;ZLjava/lang/ClassLoader;Ljava/lang/Class;)Ljava/lang/Class;+0 java.base@17.0.9
j  java.lang.Class.forName(Ljava/lang/String;)Ljava/lang/Class;+11 java.base@17.0.9
j  java.security.Provider$Service.getImplClass()Ljava/lang/Class;+64 java.base@17.0.9
j  java.security.Provider$Service.getDefaultConstructor()Ljava/lang/reflect/Constructor;+46 java.base@17.0.9
j  java.security.Provider$Service.newInstanceOf()Ljava/lang/Object;+1 java.base@17.0.9
j  java.security.Provider$Service.newInstanceUtil(Ljava/lang/Class;Ljava/lang/Object;)Ljava/lang/Object;+5 java.base@17.0.9
j  java.security.Provider$Service.newInstance(Ljava/lang/Object;)Ljava/lang/Object;+227 java.base@17.0.9
j  sun.security.jca.GetInstance.getInstance(Ljava/security/Provider$Service;Ljava/lang/Class;)Lsun/security/jca/GetInstance$Instance;+2 java.base@17.0.9
j  sun.security.jca.GetInstance.getInstance(Ljava/lang/String;Ljava/lang/Class;Ljava/lang/String;)Lsun/security/jca/GetInstance$Instance;+56 java.base@17.0.9
j  javax.net.ssl.SSLContext.getInstance(Ljava/lang/String;)Ljavax/net/ssl/SSLContext;+12 java.base@17.0.9
j  externalApp.ExternalAppUtil.sendIdeRequest(Ljava/lang/String;ILjava/lang/String;Ljava/lang/String;)LexternalApp/ExternalAppUtil$Result;+34
j  git4idea.http.GitAskPassApp.main([Ljava/lang/String;)V+37
v  ~StubRoutines::call_stub
invokestatic  184 invokestatic  [0x000001c8e100a3a0, 0x000001c8e100a660]  704 bytes
[MachCode]
  0x000001c8e100a3a0: 4883 ec08 | c5fa 1104 | 24eb 1f48 | 83ec 10c5 | fb11 0424 | eb14 4883 | ec10 4889 | 0424 48c7 
  0x000001c8e100a3c0: 4424 0800 | 0000 00eb | 0150 4c89 | 6dc0 410f | b755 0148 | 8b4d d0c1 | e202 8b5c | d120 c1eb 
  0x000001c8e100a3e0: 1081 e3ff | 0000 0081 | fbb8 0000 | 000f 84b6 | 0000 00bb | b800 0000 | e805 0000 | 00e9 9b00 
  0x000001c8e100a400: 0000 488b | d348 8d44 | 2408 4c89 | 6dc0 498b | cfc5 f877 | 4989 afa8 | 0200 0049 | 8987 9802 
  0x000001c8e100a420: 0000 4883 | ec20 f7c4 | 0f00 0000 | 0f84 1a00 | 0000 4883 | ec08 49ba | 30b9 22e5 | f97f 0000 
  0x000001c8e100a440: 41ff d248 | 83c4 08e9 | 0d00 0000 | 49ba 30b9 | 22e5 f97f | 0000 41ff | d248 83c4 | 2049 c787 
  0x000001c8e100a460: 9802 0000 | 0000 0000 | 49c7 87a8 | 0200 0000 | 0000 0049 | c787 a002 | 0000 0000 | 0000 c5f8 
  0x000001c8e100a480: 7749 817f | 0800 0000 | 000f 8405 | 0000 00e9 | 6c6a feff | 4c8b 6dc0 | 4c8b 75c8 | c341 0fb7 
  0x000001c8e100a4a0: 5501 488b | 4dd0 c1e2 | 0248 8b5c | d128 488b | 5b08 488b | 5b08 488b | 5b18 80bb | 5b01 0000 
  0x000001c8e100a4c0: 040f 840d | 0000 004c | 3bbb 6001 | 0000 0f85 | 1fff ffff | 488b 5cd1 | 288b 54d1 | 38c1 ea1c 
  0x000001c8e100a4e0: 49ba 505e | a5e5 f97f | 0000 498b | 14d2 5248 | 8b45 d848 | 85c0 0f84 | 1200 0000 | 4883 4008 
  0x000001c8e100a500: 0148 8358 | 0800 4883 | c010 4889 | 45d8 488b | 45d8 4885 | c00f 8423 | 0100 0080 | 78f0 0a0f 
  0x000001c8e100a520: 8519 0100 | 0048 83c0 | 084c 8b68 | f841 83ed | 0041 83fd | 020f 8cf8 | 0000 004c | 8b6b 0845 
  0x000001c8e100a540: 0fb7 6d2c | 4c2b 2841 | 83ed 014e | 8b6c ec08 | 4d85 ed75 | 0748 8348 | 0801 eb4a | 458b 6d08 
  0x000001c8e100a560: 49c1 e503 | 4c33 6808 | 49f7 c5fc | ffff ff74 | 3549 f7c5 | 0200 0000 | 752c 4881 | 7808 0000 
  0x000001c8e100a580: 0000 741e | 4881 7808 | 0100 0000 | 7414 4c33 | 6808 49f7 | c5fc ffff | ff74 0b48 | 8348 0802 
  0x000001c8e100a5a0: eb04 4c89 | 6808 4883 | c010 4c8b | 68e8 4183 | ed02 4183 | fd02 0f8c | 7700 0000 | 4c8b 6b08 
  0x000001c8e100a5c0: 450f b76d | 2c4c 2b28 | 4183 ed01 | 4e8b 6cec | 084d 85ed | 7507 4883 | 4808 01eb | 4a45 8b6d 
  0x000001c8e100a5e0: 0849 c1e5 | 034c 3368 | 0849 f7c5 | fcff ffff | 7435 49f7 | c502 0000 | 0075 2c48 | 8178 0800 
  0x000001c8e100a600: 0000 0074 | 1e48 8178 | 0801 0000 | 0074 144c | 3368 0849 | f7c5 fcff | ffff 740b | 4883 4808 
  0x000001c8e100a620: 02eb 044c | 8968 0848 | 83c0 104c | 8b68 d841 | 83ed 0441 | c1e5 0349 | 03c5 4889 | 45d8 4c8d 
  0x000001c8e100a640: 6c24 084c | 896d f0ff | 6360 660f | 1f44 0000 | 0000 0000 | 0000 0000 | 0000 0000 | 0000 0000 
[/MachCode]

---------------  P R O C E S S  ---------------

Threads class SMR info:
_java_thread_list=0x000001c8f0d70690, length=12, elements={
0x000001c8d4b6ef50, 0x000001c8f0a7dd60, 0x000001c8f0a7f600, 0x000001c8f0aa6a50,
0x000001c8f0aa7610, 0x000001c8f0c1d110, 0x000001c8f0c1e270, 0x000001c8f0c1f010,
0x000001c8f0c20260, 0x000001c8f0c22720, 0x000001c8f0d870b0, 0x000001c8f0d8c850
}

Java Threads: ( => current thread )
=>0x000001c8d4b6ef50 JavaThread "main" [_thread_in_vm, id=34260, stack(0x0000006bb6000000,0x0000006bb6100000)]
  0x000001c8f0a7dd60 JavaThread "Reference Handler" daemon [_thread_blocked, id=35612, stack(0x0000006bb6700000,0x0000006bb6800000)]
  0x000001c8f0a7f600 JavaThread "Finalizer" daemon [_thread_blocked, id=38340, stack(0x0000006bb6800000,0x0000006bb6900000)]
  0x000001c8f0aa6a50 JavaThread "Signal Dispatcher" daemon [_thread_blocked, id=35684, stack(0x0000006bb6900000,0x0000006bb6a00000)]
  0x000001c8f0aa7610 JavaThread "Attach Listener" daemon [_thread_blocked, id=8632, stack(0x0000006bb6a00000,0x0000006bb6b00000)]
  0x000001c8f0c1d110 JavaThread "Service Thread" daemon [_thread_blocked, id=20852, stack(0x0000006bb6b00000,0x0000006bb6c00000)]
  0x000001c8f0c1e270 JavaThread "Monitor Deflation Thread" daemon [_thread_blocked, id=4132, stack(0x0000006bb6c00000,0x0000006bb6d00000)]
  0x000001c8f0c1f010 JavaThread "C2 CompilerThread0" daemon [_thread_blocked, id=15772, stack(0x0000006bb6d00000,0x0000006bb6e00000)]
  0x000001c8f0c20260 JavaThread "C1 CompilerThread0" daemon [_thread_blocked, id=22116, stack(0x0000006bb6e00000,0x0000006bb6f00000)]
  0x000001c8f0c22720 JavaThread "Sweeper thread" daemon [_thread_blocked, id=37272, stack(0x0000006bb6f00000,0x0000006bb7000000)]
  0x000001c8f0d870b0 JavaThread "Notification Thread" daemon [_thread_blocked, id=21896, stack(0x0000006bb7000000,0x0000006bb7100000)]
  0x000001c8f0d8c850 JavaThread "Common-Cleaner" daemon [_thread_blocked, id=36348, stack(0x0000006bb7200000,0x0000006bb7300000)]

Other Threads:
  0x000001c8f0a78fd0 VMThread "VM Thread" [stack: 0x0000006bb6600000,0x0000006bb6700000] [id=35788]
  0x000001c8f0d87590 WatcherThread [stack: 0x0000006bb7100000,0x0000006bb7200000] [id=39468]
  0x000001c8d4bc7c50 GCTaskThread "GC Thread#0" [stack: 0x0000006bb6100000,0x0000006bb6200000] [id=2116]
  0x000001c8d4bd85e0 ConcurrentGCThread "G1 Main Marker" [stack: 0x0000006bb6200000,0x0000006bb6300000] [id=27372]
  0x000001c8d4bd9000 ConcurrentGCThread "G1 Conc#0" [stack: 0x0000006bb6300000,0x0000006bb6400000] [id=36904]
  0x000001c8f08e24c0 ConcurrentGCThread "G1 Refine#0" [stack: 0x0000006bb6400000,0x0000006bb6500000] [id=24164]
  0x000001c8d4c2e440 ConcurrentGCThread "G1 Service" [stack: 0x0000006bb6500000,0x0000006bb6600000] [id=32324]

Threads with active compile tasks:

VM state: not at safepoint (normal execution)

VM Mutex/Monitor currently owned by a thread:  ([mutex/lock_event])
[0x000001c8d4972eb0] Metaspace_lock - owner thread: 0x000001c8d4b6ef50

Heap address: 0x0000000082e00000, size: 2002 MB, Compressed Oops mode: 32-bit

CDS archive(s) not mapped
Compressed class space mapped at: 0x0000000100000000-0x0000000140000000, reserved size: 1073741824
Narrow klass base: 0x0000000000000000, Narrow klass shift: 3, Narrow klass range: 0x140000000

GC Precious Log:
 CPUs: 8 total, 8 available
 Memory: 8006M
 Large Page Support: Disabled
 NUMA Support: Disabled
 Compressed Oops: Enabled (32-bit)
 Heap Region Size: 1M
 Heap Min Capacity: 8M
 Heap Initial Capacity: 126M
 Heap Max Capacity: 2002M
 Pre-touch: Disabled
 Parallel Workers: 8
 Concurrent Workers: 2
 Concurrent Refinement Workers: 8
 Periodic GC: Disabled

Heap:
 garbage-first heap   total 129024K, used 2048K [0x0000000082e00000, 0x0000000100000000)
  region size 1024K, 3 young (3072K), 0 survivors (0K)
 Metaspace       used 8049K, committed 8192K, reserved 1114112K
  class space    used 710K, committed 768K, reserved 1048576K

Heap Regions: E=young(eden), S=young(survivor), O=old, HS=humongous(starts), HC=humongous(continues), CS=collection set, F=free, OA=open archive, CA=closed archive, TAMS=top-at-mark-start (previous, next)
|   0|0x0000000082e00000, 0x0000000082e00000, 0x0000000082f00000|  0%| F|  |TAMS 0x0000000082e00000, 0x0000000082e00000| Untracked 
|   1|0x0000000082f00000, 0x0000000082f00000, 0x0000000083000000|  0%| F|  |TAMS 0x0000000082f00000, 0x0000000082f00000| Untracked 
|   2|0x0000000083000000, 0x0000000083000000, 0x0000000083100000|  0%| F|  |TAMS 0x0000000083000000, 0x0000000083000000| Untracked 
|   3|0x0000000083100000, 0x0000000083100000, 0x0000000083200000|  0%| F|  |TAMS 0x0000000083100000, 0x0000000083100000| Untracked 
|   4|0x0000000083200000, 0x0000000083200000, 0x0000000083300000|  0%| F|  |TAMS 0x0000000083200000, 0x0000000083200000| Untracked 
|   5|0x0000000083300000, 0x0000000083300000, 0x0000000083400000|  0%| F|  |TAMS 0x0000000083300000, 0x0000000083300000| Untracked 
|   6|0x0000000083400000, 0x0000000083400000, 0x0000000083500000|  0%| F|  |TAMS 0x0000000083400000, 0x0000000083400000| Untracked 
|   7|0x0000000083500000, 0x0000000083500000, 0x0000000083600000|  0%| F|  |TAMS 0x0000000083500000, 0x0000000083500000| Untracked 
|   8|0x0000000083600000, 0x0000000083600000, 0x0000000083700000|  0%| F|  |TAMS 0x0000000083600000, 0x0000000083600000| Untracked 
|   9|0x0000000083700000, 0x0000000083700000, 0x0000000083800000|  0%| F|  |TAMS 0x0000000083700000, 0x0000000083700000| Untracked 
|  10|0x0000000083800000, 0x0000000083800000, 0x0000000083900000|  0%| F|  |TAMS 0x0000000083800000, 0x0000000083800000| Untracked 
|  11|0x0000000083900000, 0x0000000083900000, 0x0000000083a00000|  0%| F|  |TAMS 0x0000000083900000, 0x0000000083900000| Untracked 
|  12|0x0000000083a00000, 0x0000000083a00000, 0x0000000083b00000|  0%| F|  |TAMS 0x0000000083a00000, 0x0000000083a00000| Untracked 
|  13|0x0000000083b00000, 0x0000000083b00000, 0x0000000083c00000|  0%| F|  |TAMS 0x0000000083b00000, 0x0000000083b00000| Untracked 
|  14|0x0000000083c00000, 0x0000000083c00000, 0x0000000083d00000|  0%| F|  |TAMS 0x0000000083c00000, 0x0000000083c00000| Untracked 
|  15|0x0000000083d00000, 0x0000000083d00000, 0x0000000083e00000|  0%| F|  |TAMS 0x0000000083d00000, 0x0000000083d00000| Untracked 
|  16|0x0000000083e00000, 0x0000000083e00000, 0x0000000083f00000|  0%| F|  |TAMS 0x0000000083e00000, 0x0000000083e00000| Untracked 
|  17|0x0000000083f00000, 0x0000000083f00000, 0x0000000084000000|  0%| F|  |TAMS 0x0000000083f00000, 0x0000000083f00000| Untracked 
|  18|0x0000000084000000, 0x0000000084000000, 0x0000000084100000|  0%| F|  |TAMS 0x0000000084000000, 0x0000000084000000| Untracked 
|  19|0x0000000084100000, 0x0000000084100000, 0x0000000084200000|  0%| F|  |TAMS 0x0000000084100000, 0x0000000084100000| Untracked 
|  20|0x0000000084200000, 0x0000000084200000, 0x0000000084300000|  0%| F|  |TAMS 0x0000000084200000, 0x0000000084200000| Untracked 
|  21|0x0000000084300000, 0x0000000084300000, 0x0000000084400000|  0%| F|  |TAMS 0x0000000084300000, 0x0000000084300000| Untracked 
|  22|0x0000000084400000, 0x0000000084400000, 0x0000000084500000|  0%| F|  |TAMS 0x0000000084400000, 0x0000000084400000| Untracked 
|  23|0x0000000084500000, 0x0000000084500000, 0x0000000084600000|  0%| F|  |TAMS 0x0000000084500000, 0x0000000084500000| Untracked 
|  24|0x0000000084600000, 0x0000000084600000, 0x0000000084700000|  0%| F|  |TAMS 0x0000000084600000, 0x0000000084600000| Untracked 
|  25|0x0000000084700000, 0x0000000084700000, 0x0000000084800000|  0%| F|  |TAMS 0x0000000084700000, 0x0000000084700000| Untracked 
|  26|0x0000000084800000, 0x0000000084800000, 0x0000000084900000|  0%| F|  |TAMS 0x0000000084800000, 0x0000000084800000| Untracked 
|  27|0x0000000084900000, 0x0000000084900000, 0x0000000084a00000|  0%| F|  |TAMS 0x0000000084900000, 0x0000000084900000| Untracked 
|  28|0x0000000084a00000, 0x0000000084a00000, 0x0000000084b00000|  0%| F|  |TAMS 0x0000000084a00000, 0x0000000084a00000| Untracked 
|  29|0x0000000084b00000, 0x0000000084b00000, 0x0000000084c00000|  0%| F|  |TAMS 0x0000000084b00000, 0x0000000084b00000| Untracked 
|  30|0x0000000084c00000, 0x0000000084c00000, 0x0000000084d00000|  0%| F|  |TAMS 0x0000000084c00000, 0x0000000084c00000| Untracked 
|  31|0x0000000084d00000, 0x0000000084d00000, 0x0000000084e00000|  0%| F|  |TAMS 0x0000000084d00000, 0x0000000084d00000| Untracked 
|  32|0x0000000084e00000, 0x0000000084e00000, 0x0000000084f00000|  0%| F|  |TAMS 0x0000000084e00000, 0x0000000084e00000| Untracked 
|  33|0x0000000084f00000, 0x0000000084f00000, 0x0000000085000000|  0%| F|  |TAMS 0x0000000084f00000, 0x0000000084f00000| Untracked 
|  34|0x0000000085000000, 0x0000000085000000, 0x0000000085100000|  0%| F|  |TAMS 0x0000000085000000, 0x0000000085000000| Untracked 
|  35|0x0000000085100000, 0x0000000085100000, 0x0000000085200000|  0%| F|  |TAMS 0x0000000085100000, 0x0000000085100000| Untracked 
|  36|0x0000000085200000, 0x0000000085200000, 0x0000000085300000|  0%| F|  |TAMS 0x0000000085200000, 0x0000000085200000| Untracked 
|  37|0x0000000085300000, 0x0000000085300000, 0x0000000085400000|  0%| F|  |TAMS 0x0000000085300000, 0x0000000085300000| Untracked 
|  38|0x0000000085400000, 0x0000000085400000, 0x0000000085500000|  0%| F|  |TAMS 0x0000000085400000, 0x0000000085400000| Untracked 
|  39|0x0000000085500000, 0x0000000085500000, 0x0000000085600000|  0%| F|  |TAMS 0x0000000085500000, 0x0000000085500000| Untracked 
|  40|0x0000000085600000, 0x0000000085600000, 0x0000000085700000|  0%| F|  |TAMS 0x0000000085600000, 0x0000000085600000| Untracked 
|  41|0x0000000085700000, 0x0000000085700000, 0x0000000085800000|  0%| F|  |TAMS 0x0000000085700000, 0x0000000085700000| Untracked 
|  42|0x0000000085800000, 0x0000000085800000, 0x0000000085900000|  0%| F|  |TAMS 0x0000000085800000, 0x0000000085800000| Untracked 
|  43|0x0000000085900000, 0x0000000085900000, 0x0000000085a00000|  0%| F|  |TAMS 0x0000000085900000, 0x0000000085900000| Untracked 
|  44|0x0000000085a00000, 0x0000000085a00000, 0x0000000085b00000|  0%| F|  |TAMS 0x0000000085a00000, 0x0000000085a00000| Untracked 
|  45|0x0000000085b00000, 0x0000000085b00000, 0x0000000085c00000|  0%| F|  |TAMS 0x0000000085b00000, 0x0000000085b00000| Untracked 
|  46|0x0000000085c00000, 0x0000000085c00000, 0x0000000085d00000|  0%| F|  |TAMS 0x0000000085c00000, 0x0000000085c00000| Untracked 
|  47|0x0000000085d00000, 0x0000000085d00000, 0x0000000085e00000|  0%| F|  |TAMS 0x0000000085d00000, 0x0000000085d00000| Untracked 
|  48|0x0000000085e00000, 0x0000000085e00000, 0x0000000085f00000|  0%| F|  |TAMS 0x0000000085e00000, 0x0000000085e00000| Untracked 
|  49|0x0000000085f00000, 0x0000000085f00000, 0x0000000086000000|  0%| F|  |TAMS 0x0000000085f00000, 0x0000000085f00000| Untracked 
|  50|0x0000000086000000, 0x0000000086000000, 0x0000000086100000|  0%| F|  |TAMS 0x0000000086000000, 0x0000000086000000| Untracked 
|  51|0x0000000086100000, 0x0000000086100000, 0x0000000086200000|  0%| F|  |TAMS 0x0000000086100000, 0x0000000086100000| Untracked 
|  52|0x0000000086200000, 0x0000000086200000, 0x0000000086300000|  0%| F|  |TAMS 0x0000000086200000, 0x0000000086200000| Untracked 
|  53|0x0000000086300000, 0x0000000086300000, 0x0000000086400000|  0%| F|  |TAMS 0x0000000086300000, 0x0000000086300000| Untracked 
|  54|0x0000000086400000, 0x0000000086400000, 0x0000000086500000|  0%| F|  |TAMS 0x0000000086400000, 0x0000000086400000| Untracked 
|  55|0x0000000086500000, 0x0000000086500000, 0x0000000086600000|  0%| F|  |TAMS 0x0000000086500000, 0x0000000086500000| Untracked 
|  56|0x0000000086600000, 0x0000000086600000, 0x0000000086700000|  0%| F|  |TAMS 0x0000000086600000, 0x0000000086600000| Untracked 
|  57|0x0000000086700000, 0x0000000086700000, 0x0000000086800000|  0%| F|  |TAMS 0x0000000086700000, 0x0000000086700000| Untracked 
|  58|0x0000000086800000, 0x0000000086800000, 0x0000000086900000|  0%| F|  |TAMS 0x0000000086800000, 0x0000000086800000| Untracked 
|  59|0x0000000086900000, 0x0000000086900000, 0x0000000086a00000|  0%| F|  |TAMS 0x0000000086900000, 0x0000000086900000| Untracked 
|  60|0x0000000086a00000, 0x0000000086a00000, 0x0000000086b00000|  0%| F|  |TAMS 0x0000000086a00000, 0x0000000086a00000| Untracked 
|  61|0x0000000086b00000, 0x0000000086b00000, 0x0000000086c00000|  0%| F|  |TAMS 0x0000000086b00000, 0x0000000086b00000| Untracked 
|  62|0x0000000086c00000, 0x0000000086c00000, 0x0000000086d00000|  0%| F|  |TAMS 0x0000000086c00000, 0x0000000086c00000| Untracked 
|  63|0x0000000086d00000, 0x0000000086d00000, 0x0000000086e00000|  0%| F|  |TAMS 0x0000000086d00000, 0x0000000086d00000| Untracked 
|  64|0x0000000086e00000, 0x0000000086e00000, 0x0000000086f00000|  0%| F|  |TAMS 0x0000000086e00000, 0x0000000086e00000| Untracked 
|  65|0x0000000086f00000, 0x0000000086f00000, 0x0000000087000000|  0%| F|  |TAMS 0x0000000086f00000, 0x0000000086f00000| Untracked 
|  66|0x0000000087000000, 0x0000000087000000, 0x0000000087100000|  0%| F|  |TAMS 0x0000000087000000, 0x0000000087000000| Untracked 
|  67|0x0000000087100000, 0x0000000087100000, 0x0000000087200000|  0%| F|  |TAMS 0x0000000087100000, 0x0000000087100000| Untracked 
|  68|0x0000000087200000, 0x0000000087200000, 0x0000000087300000|  0%| F|  |TAMS 0x0000000087200000, 0x0000000087200000| Untracked 
|  69|0x0000000087300000, 0x0000000087300000, 0x0000000087400000|  0%| F|  |TAMS 0x0000000087300000, 0x0000000087300000| Untracked 
|  70|0x0000000087400000, 0x0000000087400000, 0x0000000087500000|  0%| F|  |TAMS 0x0000000087400000, 0x0000000087400000| Untracked 
|  71|0x0000000087500000, 0x0000000087500000, 0x0000000087600000|  0%| F|  |TAMS 0x0000000087500000, 0x0000000087500000| Untracked 
|  72|0x0000000087600000, 0x0000000087600000, 0x0000000087700000|  0%| F|  |TAMS 0x0000000087600000, 0x0000000087600000| Untracked 
|  73|0x0000000087700000, 0x0000000087700000, 0x0000000087800000|  0%| F|  |TAMS 0x0000000087700000, 0x0000000087700000| Untracked 
|  74|0x0000000087800000, 0x0000000087800000, 0x0000000087900000|  0%| F|  |TAMS 0x0000000087800000, 0x0000000087800000| Untracked 
|  75|0x0000000087900000, 0x0000000087900000, 0x0000000087a00000|  0%| F|  |TAMS 0x0000000087900000, 0x0000000087900000| Untracked 
|  76|0x0000000087a00000, 0x0000000087a00000, 0x0000000087b00000|  0%| F|  |TAMS 0x0000000087a00000, 0x0000000087a00000| Untracked 
|  77|0x0000000087b00000, 0x0000000087b00000, 0x0000000087c00000|  0%| F|  |TAMS 0x0000000087b00000, 0x0000000087b00000| Untracked 
|  78|0x0000000087c00000, 0x0000000087c00000, 0x0000000087d00000|  0%| F|  |TAMS 0x0000000087c00000, 0x0000000087c00000| Untracked 
|  79|0x0000000087d00000, 0x0000000087d00000, 0x0000000087e00000|  0%| F|  |TAMS 0x0000000087d00000, 0x0000000087d00000| Untracked 
|  80|0x0000000087e00000, 0x0000000087e00000, 0x0000000087f00000|  0%| F|  |TAMS 0x0000000087e00000, 0x0000000087e00000| Untracked 
|  81|0x0000000087f00000, 0x0000000087f00000, 0x0000000088000000|  0%| F|  |TAMS 0x0000000087f00000, 0x0000000087f00000| Untracked 
|  82|0x0000000088000000, 0x0000000088000000, 0x0000000088100000|  0%| F|  |TAMS 0x0000000088000000, 0x0000000088000000| Untracked 
|  83|0x0000000088100000, 0x0000000088100000, 0x0000000088200000|  0%| F|  |TAMS 0x0000000088100000, 0x0000000088100000| Untracked 
|  84|0x0000000088200000, 0x0000000088200000, 0x0000000088300000|  0%| F|  |TAMS 0x0000000088200000, 0x0000000088200000| Untracked 
|  85|0x0000000088300000, 0x0000000088300000, 0x0000000088400000|  0%| F|  |TAMS 0x0000000088300000, 0x0000000088300000| Untracked 
|  86|0x0000000088400000, 0x0000000088400000, 0x0000000088500000|  0%| F|  |TAMS 0x0000000088400000, 0x0000000088400000| Untracked 
|  87|0x0000000088500000, 0x0000000088500000, 0x0000000088600000|  0%| F|  |TAMS 0x0000000088500000, 0x0000000088500000| Untracked 
|  88|0x0000000088600000, 0x0000000088600000, 0x0000000088700000|  0%| F|  |TAMS 0x0000000088600000, 0x0000000088600000| Untracked 
|  89|0x0000000088700000, 0x0000000088700000, 0x0000000088800000|  0%| F|  |TAMS 0x0000000088700000, 0x0000000088700000| Untracked 
|  90|0x0000000088800000, 0x0000000088800000, 0x0000000088900000|  0%| F|  |TAMS 0x0000000088800000, 0x0000000088800000| Untracked 
|  91|0x0000000088900000, 0x0000000088900000, 0x0000000088a00000|  0%| F|  |TAMS 0x0000000088900000, 0x0000000088900000| Untracked 
|  92|0x0000000088a00000, 0x0000000088a00000, 0x0000000088b00000|  0%| F|  |TAMS 0x0000000088a00000, 0x0000000088a00000| Untracked 
|  93|0x0000000088b00000, 0x0000000088b00000, 0x0000000088c00000|  0%| F|  |TAMS 0x0000000088b00000, 0x0000000088b00000| Untracked 
|  94|0x0000000088c00000, 0x0000000088c00000, 0x0000000088d00000|  0%| F|  |TAMS 0x0000000088c00000, 0x0000000088c00000| Untracked 
|  95|0x0000000088d00000, 0x0000000088d00000, 0x0000000088e00000|  0%| F|  |TAMS 0x0000000088d00000, 0x0000000088d00000| Untracked 
|  96|0x0000000088e00000, 0x0000000088e00000, 0x0000000088f00000|  0%| F|  |TAMS 0x0000000088e00000, 0x0000000088e00000| Untracked 
|  97|0x0000000088f00000, 0x0000000088f00000, 0x0000000089000000|  0%| F|  |TAMS 0x0000000088f00000, 0x0000000088f00000| Untracked 
|  98|0x0000000089000000, 0x0000000089000000, 0x0000000089100000|  0%| F|  |TAMS 0x0000000089000000, 0x0000000089000000| Untracked 
|  99|0x0000000089100000, 0x0000000089100000, 0x0000000089200000|  0%| F|  |TAMS 0x0000000089100000, 0x0000000089100000| Untracked 
| 100|0x0000000089200000, 0x0000000089200000, 0x0000000089300000|  0%| F|  |TAMS 0x0000000089200000, 0x0000000089200000| Untracked 
| 101|0x0000000089300000, 0x0000000089300000, 0x0000000089400000|  0%| F|  |TAMS 0x0000000089300000, 0x0000000089300000| Untracked 
| 102|0x0000000089400000, 0x0000000089400000, 0x0000000089500000|  0%| F|  |TAMS 0x0000000089400000, 0x0000000089400000| Untracked 
| 103|0x0000000089500000, 0x0000000089500000, 0x0000000089600000|  0%| F|  |TAMS 0x0000000089500000, 0x0000000089500000| Untracked 
| 104|0x0000000089600000, 0x0000000089600000, 0x0000000089700000|  0%| F|  |TAMS 0x0000000089600000, 0x0000000089600000| Untracked 
| 105|0x0000000089700000, 0x0000000089700000, 0x0000000089800000|  0%| F|  |TAMS 0x0000000089700000, 0x0000000089700000| Untracked 
| 106|0x0000000089800000, 0x0000000089800000, 0x0000000089900000|  0%| F|  |TAMS 0x0000000089800000, 0x0000000089800000| Untracked 
| 107|0x0000000089900000, 0x0000000089900000, 0x0000000089a00000|  0%| F|  |TAMS 0x0000000089900000, 0x0000000089900000| Untracked 
| 108|0x0000000089a00000, 0x0000000089a00000, 0x0000000089b00000|  0%| F|  |TAMS 0x0000000089a00000, 0x0000000089a00000| Untracked 
| 109|0x0000000089b00000, 0x0000000089b00000, 0x0000000089c00000|  0%| F|  |TAMS 0x0000000089b00000, 0x0000000089b00000| Untracked 
| 110|0x0000000089c00000, 0x0000000089c00000, 0x0000000089d00000|  0%| F|  |TAMS 0x0000000089c00000, 0x0000000089c00000| Untracked 
| 111|0x0000000089d00000, 0x0000000089d00000, 0x0000000089e00000|  0%| F|  |TAMS 0x0000000089d00000, 0x0000000089d00000| Untracked 
| 112|0x0000000089e00000, 0x0000000089e00000, 0x0000000089f00000|  0%| F|  |TAMS 0x0000000089e00000, 0x0000000089e00000| Untracked 
| 113|0x0000000089f00000, 0x0000000089f00000, 0x000000008a000000|  0%| F|  |TAMS 0x0000000089f00000, 0x0000000089f00000| Untracked 
| 114|0x000000008a000000, 0x000000008a000000, 0x000000008a100000|  0%| F|  |TAMS 0x000000008a000000, 0x000000008a000000| Untracked 
| 115|0x000000008a100000, 0x000000008a100000, 0x000000008a200000|  0%| F|  |TAMS 0x000000008a100000, 0x000000008a100000| Untracked 
| 116|0x000000008a200000, 0x000000008a200000, 0x000000008a300000|  0%| F|  |TAMS 0x000000008a200000, 0x000000008a200000| Untracked 
| 117|0x000000008a300000, 0x000000008a300000, 0x000000008a400000|  0%| F|  |TAMS 0x000000008a300000, 0x000000008a300000| Untracked 
| 118|0x000000008a400000, 0x000000008a400000, 0x000000008a500000|  0%| F|  |TAMS 0x000000008a400000, 0x000000008a400000| Untracked 
| 119|0x000000008a500000, 0x000000008a500000, 0x000000008a600000|  0%| F|  |TAMS 0x000000008a500000, 0x000000008a500000| Untracked 
| 120|0x000000008a600000, 0x000000008a600000, 0x000000008a700000|  0%| F|  |TAMS 0x000000008a600000, 0x000000008a600000| Untracked 
| 121|0x000000008a700000, 0x000000008a700000, 0x000000008a800000|  0%| F|  |TAMS 0x000000008a700000, 0x000000008a700000| Untracked 
| 122|0x000000008a800000, 0x000000008a800000, 0x000000008a900000|  0%| F|  |TAMS 0x000000008a800000, 0x000000008a800000| Untracked 
| 123|0x000000008a900000, 0x000000008a9ecb88, 0x000000008aa00000| 92%| E|  |TAMS 0x000000008a900000, 0x000000008a900000| Complete 
| 124|0x000000008aa00000, 0x000000008ab00000, 0x000000008ab00000|100%| E|CS|TAMS 0x000000008aa00000, 0x000000008aa00000| Complete 
| 125|0x000000008ab00000, 0x000000008ac00000, 0x000000008ac00000|100%| E|CS|TAMS 0x000000008ab00000, 0x000000008ab00000| Complete 

Card table byte_map: [0x000001c8e9920000,0x000001c8e9d10000] _byte_map_base: 0x000001c8e9509000

Marking Bits (Prev, Next): (CMBitMap*) 0x000001c8d4bc8270, (CMBitMap*) 0x000001c8d4bc82b0
 Prev Bits: [0x000001c8ea100000, 0x000001c8ec048000)
 Next Bits: [0x000001c8ec050000, 0x000001c8edf98000)

Polling page: 0x000001c8d9aa0000

Metaspace:

Usage:
  Non-class:      7.17 MB used.
      Class:    710.02 KB used.
       Both:      7.86 MB used.

Virtual space:
  Non-class space:       64.00 MB reserved,       7.25 MB ( 11%) committed,  1 nodes.
      Class space:        1.00 GB reserved,     768.00 KB ( <1%) committed,  1 nodes.
             Both:        1.06 GB reserved,       8.00 MB ( <1%) committed. 

Chunk freelists:
   Non-Class:  8.44 MB
       Class:  15.23 MB
        Both:  23.67 MB

MaxMetaspaceSize: unlimited
CompressedClassSpaceSize: 1.00 GB
Initial GC threshold: 21.00 MB
Current GC threshold: 21.00 MB
CDS: off
MetaspaceReclaimPolicy: balanced
 - commit_granule_bytes: 65536.
 - commit_granule_words: 8192.
 - virtual_space_node_default_size: 8388608.
 - enlarge_chunks_in_place: 1.
 - new_chunks_are_fully_committed: 0.
 - uncommit_free_chunks: 1.
 - use_allocation_guard: 0.
 - handle_deallocations: 1.


Internal statistics:

num_allocs_failed_limit: 0.
num_arena_births: 8.
num_arena_deaths: 0.
num_vsnodes_births: 2.
num_vsnodes_deaths: 0.
num_space_committed: 128.
num_space_uncommitted: 0.
num_chunks_returned_to_freelist: 0.
num_chunks_taken_from_freelist: 32.
num_chunk_merges: 0.
num_chunk_splits: 16.
num_chunks_enlarged: 10.
num_inconsistent_stats: 0.

CodeHeap 'non-profiled nmethods': size=120000Kb used=63Kb max_used=63Kb free=119936Kb
 bounds [0x000001c8e1590000, 0x000001c8e1800000, 0x000001c8e8ac0000]
CodeHeap 'profiled nmethods': size=120000Kb used=299Kb max_used=299Kb free=119701Kb
 bounds [0x000001c8d9ac0000, 0x000001c8d9d30000, 0x000001c8e0ff0000]
CodeHeap 'non-nmethods': size=5760Kb used=1122Kb max_used=1128Kb free=4637Kb
 bounds [0x000001c8e0ff0000, 0x000001c8e1260000, 0x000001c8e1590000]
 total_blobs=631 nmethods=225 adapters=319
 compilation: enabled
              stopped_count=0, restarted_count=0
 full_count=0

Compilation events (20 events):
Event: 0.227 Thread 0x000001c8f0c20260  209       3       java.lang.invoke.MethodTypeForm::canonicalize (74 bytes)
Event: 0.228 Thread 0x000001c8f0c20260 nmethod 209 0x000001c8d9b07a10 code [0x000001c8d9b07c40, 0x000001c8d9b08338]
Event: 0.228 Thread 0x000001c8f0c20260  211       3       java.lang.invoke.MemberName::testFlags (16 bytes)
Event: 0.228 Thread 0x000001c8f0c20260 nmethod 211 0x000001c8d9b08590 code [0x000001c8d9b08720, 0x000001c8d9b08898]
Event: 0.232 Thread 0x000001c8f0c20260  213   !   3       java.lang.ref.ReferenceQueue::poll (28 bytes)
Event: 0.232 Thread 0x000001c8f0c20260 nmethod 213 0x000001c8d9b08910 code [0x000001c8d9b08ac0, 0x000001c8d9b08d48]
Event: 0.236 Thread 0x000001c8f0c20260  215       3       java.util.AbstractList::<init> (10 bytes)
Event: 0.237 Thread 0x000001c8f0c20260 nmethod 215 0x000001c8d9b08e90 code [0x000001c8d9b09040, 0x000001c8d9b09218]
Event: 0.238 Thread 0x000001c8f0c20260  216       3       java.lang.invoke.MethodType::hashCode (53 bytes)
Event: 0.238 Thread 0x000001c8f0c20260 nmethod 216 0x000001c8d9b09310 code [0x000001c8d9b094c0, 0x000001c8d9b09838]
Event: 0.238 Thread 0x000001c8f0c20260  218       3       java.lang.invoke.MemberName::isInvocable (8 bytes)
Event: 0.238 Thread 0x000001c8f0c20260 nmethod 218 0x000001c8d9b09a10 code [0x000001c8d9b09bc0, 0x000001c8d9b09e58]
Event: 0.238 Thread 0x000001c8f0c20260  217       1       java.lang.invoke.MemberName::getDeclaringClass (5 bytes)
Event: 0.238 Thread 0x000001c8f0c20260 nmethod 217 0x000001c8e159eb10 code [0x000001c8e159eca0, 0x000001c8e159ed78]
Event: 0.238 Thread 0x000001c8f0c20260  219       3       java.lang.invoke.MethodType$ConcurrentWeakInternSet::expungeStaleElements (27 bytes)
Event: 0.239 Thread 0x000001c8f0c20260 nmethod 219 0x000001c8d9b09f90 code [0x000001c8d9b0a180, 0x000001c8d9b0a678]
Event: 0.239 Thread 0x000001c8f0c20260  221       1       java.lang.invoke.MethodType::ptypes (5 bytes)
Event: 0.239 Thread 0x000001c8f0c20260 nmethod 221 0x000001c8e159f810 code [0x000001c8e159f9a0, 0x000001c8e159fa78]
Event: 0.246 Thread 0x000001c8f0c20260  225       3       java.lang.String::toString (2 bytes)
Event: 0.246 Thread 0x000001c8f0c20260 nmethod 225 0x000001c8d9b0a890 code [0x000001c8d9b0aa20, 0x000001c8d9b0ab38]

GC Heap History (0 events):
No events

Dll operation events (1 events):
Event: 0.029 Loaded shared library C:\Program Files\JetBrains\IntelliJ IDEA 2023.2\jbr\bin\java.dll

Deoptimization events (0 events):
No events

Classes unloaded (0 events):
No events

Classes redefined (0 events):
No events

Internal exceptions (0 events):
No events

VM Operations (4 events):
Event: 0.138 Executing VM operation: HandshakeAllThreads
Event: 0.138 Executing VM operation: HandshakeAllThreads done
Event: 0.150 Executing VM operation: HandshakeAllThreads
Event: 0.150 Executing VM operation: HandshakeAllThreads done

Events (20 events):
Event: 0.243 loading class java/time/temporal/TemporalAmount
Event: 0.243 loading class java/time/temporal/TemporalAmount done
Event: 0.243 loading class java/time/Duration done
Event: 0.244 loading class java/time/temporal/ValueRange
Event: 0.244 loading class java/time/temporal/ValueRange done
Event: 0.244 loading class java/time/LocalTime
Event: 0.244 loading class java/time/LocalTime done
Event: 0.244 loading class java/time/zone/ZoneOffsetTransition
Event: 0.244 loading class java/time/zone/ZoneOffsetTransition done
Event: 0.244 loading class java/util/Collections$SingletonList
Event: 0.244 loading class java/util/Collections$SingletonList done
Event: 0.244 loading class java/time/Instant
Event: 0.245 loading class java/time/Instant done
Event: 0.245 loading class java/security/CryptoPrimitive
Event: 0.245 loading class java/security/CryptoPrimitive done
Event: 0.245 loading class java/util/EnumSet
Event: 0.245 loading class java/util/EnumSet done
Event: 0.245 loading class java/util/RegularEnumSet
Event: 0.245 loading class java/util/RegularEnumSet done
Event: 0.246 loading class sun/security/ssl/CipherSuite


Dynamic libraries:
0x00007ff77fff0000 - 0x00007ff77fffa000 	C:\Program Files\JetBrains\IntelliJ IDEA 2023.2\jbr\bin\java.exe
0x00007ffa46170000 - 0x00007ffa46368000 	C:\Windows\SYSTEM32\ntdll.dll
0x00007ffa44ba0000 - 0x00007ffa44c5d000 	C:\Windows\System32\KERNEL32.DLL
0x00007ffa43a40000 - 0x00007ffa43d36000 	C:\Windows\System32\KERNELBASE.dll
0x00007ffa43820000 - 0x00007ffa43920000 	C:\Windows\System32\ucrtbase.dll
0x00007ff9f3340000 - 0x00007ff9f3357000 	C:\Program Files\JetBrains\IntelliJ IDEA 2023.2\jbr\bin\jli.dll
0x00007ffa44a00000 - 0x00007ffa44b9e000 	C:\Windows\System32\USER32.dll
0x00007ffa43d40000 - 0x00007ffa43d62000 	C:\Windows\System32\win32u.dll
0x00007ffa45490000 - 0x00007ffa454bb000 	C:\Windows\System32\GDI32.dll
0x00007ffa29560000 - 0x00007ffa2957b000 	C:\Program Files\JetBrains\IntelliJ IDEA 2023.2\jbr\bin\VCRUNTIME140.dll
0x00007ffa43920000 - 0x00007ffa43a37000 	C:\Windows\System32\gdi32full.dll
0x00007ffa43ec0000 - 0x00007ffa43f5d000 	C:\Windows\System32\msvcp_win.dll
0x00007ffa2ae60000 - 0x00007ffa2b0fa000 	C:\Windows\WinSxS\amd64_microsoft.windows.common-controls_6595b64144ccf1df_6.0.19041.3636_none_60b6a03d71f818d5\COMCTL32.dll
0x00007ffa458c0000 - 0x00007ffa4595e000 	C:\Windows\System32\msvcrt.dll
0x00007ffa44910000 - 0x00007ffa44942000 	C:\Windows\System32\IMM32.DLL
0x00007ffa299d0000 - 0x00007ffa299dc000 	C:\Program Files\JetBrains\IntelliJ IDEA 2023.2\jbr\bin\vcruntime140_1.dll
0x00007ff9faaf0000 - 0x00007ff9fab7d000 	C:\Program Files\JetBrains\IntelliJ IDEA 2023.2\jbr\bin\msvcp140.dll
0x00007ff9e4ea0000 - 0x00007ff9e5b23000 	C:\Program Files\JetBrains\IntelliJ IDEA 2023.2\jbr\bin\server\jvm.dll
0x00007ffa45050000 - 0x00007ffa45100000 	C:\Windows\System32\ADVAPI32.dll
0x00007ffa44950000 - 0x00007ffa449f0000 	C:\Windows\System32\sechost.dll
0x00007ffa452b0000 - 0x00007ffa453d5000 	C:\Windows\System32\RPCRT4.dll
0x00007ffa44170000 - 0x00007ffa44197000 	C:\Windows\System32\bcrypt.dll
0x00007ffa432a0000 - 0x00007ffa432eb000 	C:\Windows\SYSTEM32\POWRPROF.dll
0x00007ffa22400000 - 0x00007ffa22409000 	C:\Windows\SYSTEM32\WSOCK32.dll
0x00007ffa44fe0000 - 0x00007ffa4504b000 	C:\Windows\System32\WS2_32.dll
0x00007ffa19f90000 - 0x00007ffa19fb7000 	C:\Windows\SYSTEM32\WINMM.dll
0x00007ffa38840000 - 0x00007ffa3884a000 	C:\Windows\SYSTEM32\VERSION.dll
0x00007ffa43210000 - 0x00007ffa43222000 	C:\Windows\SYSTEM32\UMPDC.dll
0x00007ffa41590000 - 0x00007ffa415a2000 	C:\Windows\SYSTEM32\kernel.appcore.dll
0x00007ffa29d70000 - 0x00007ffa29d7a000 	C:\Program Files\JetBrains\IntelliJ IDEA 2023.2\jbr\bin\jimage.dll
0x00007ffa33080000 - 0x00007ffa33264000 	C:\Windows\SYSTEM32\DBGHELP.DLL
0x00007ffa2a020000 - 0x00007ffa2a054000 	C:\Windows\SYSTEM32\dbgcore.DLL
0x00007ffa43d70000 - 0x00007ffa43df2000 	C:\Windows\System32\bcryptPrimitives.dll
0x00007ffa0b9c0000 - 0x00007ffa0b9e5000 	C:\Program Files\JetBrains\IntelliJ IDEA 2023.2\jbr\bin\java.dll
0x00007ffa0b9a0000 - 0x00007ffa0b9b8000 	C:\Program Files\JetBrains\IntelliJ IDEA 2023.2\jbr\bin\zip.dll
0x00007ffa441a0000 - 0x00007ffa4490b000 	C:\Windows\System32\SHELL32.dll
0x00007ffa41890000 - 0x00007ffa4202e000 	C:\Windows\SYSTEM32\windows.storage.dll
0x00007ffa44c60000 - 0x00007ffa44fb3000 	C:\Windows\System32\combase.dll
0x00007ffa430a0000 - 0x00007ffa430ce000 	C:\Windows\SYSTEM32\Wldp.dll
0x00007ffa45960000 - 0x00007ffa45a2d000 	C:\Windows\System32\OLEAUT32.dll
0x00007ffa453e0000 - 0x00007ffa4548d000 	C:\Windows\System32\SHCORE.dll
0x00007ffa45100000 - 0x00007ffa45155000 	C:\Windows\System32\shlwapi.dll
0x00007ffa43750000 - 0x00007ffa43775000 	C:\Windows\SYSTEM32\profapi.dll
0x00007ffa0b980000 - 0x00007ffa0b999000 	C:\Program Files\JetBrains\IntelliJ IDEA 2023.2\jbr\bin\net.dll
0x00007ffa3dbe0000 - 0x00007ffa3dcea000 	C:\Windows\SYSTEM32\WINHTTP.dll
0x00007ffa42e80000 - 0x00007ffa42eea000 	C:\Windows\system32\mswsock.dll
0x00007ffa0b960000 - 0x00007ffa0b976000 	C:\Program Files\JetBrains\IntelliJ IDEA 2023.2\jbr\bin\nio.dll
0x00007ffa24e80000 - 0x00007ffa24e8e000 	C:\Program Files\JetBrains\IntelliJ IDEA 2023.2\jbr\bin\sunmscapi.dll
0x00007ffa43f60000 - 0x00007ffa440bd000 	C:\Windows\System32\CRYPT32.dll
0x00007ffa43270000 - 0x00007ffa43298000 	C:\Windows\SYSTEM32\ncrypt.dll
0x00007ffa43230000 - 0x00007ffa4326b000 	C:\Windows\SYSTEM32\NTASN1.dll

dbghelp: loaded successfully - version: 4.0.5 - missing functions: none
symbol engine: initialized successfully - sym options: 0x614 - pdb path: .;C:\Program Files\JetBrains\IntelliJ IDEA 2023.2\jbr\bin;C:\Windows\SYSTEM32;C:\Windows\WinSxS\amd64_microsoft.windows.common-controls_6595b64144ccf1df_6.0.19041.3636_none_60b6a03d71f818d5;C:\Program Files\JetBrains\IntelliJ IDEA 2023.2\jbr\bin\server

VM Arguments:
java_command: git4idea.http.GitAskPassApp Username for 'https://github.com': 
java_class_path (initial): C:/Program Files/JetBrains/IntelliJ IDEA 2023.2/plugins/vcs-git/lib/git4idea-rt.jar;C:/Program Files/JetBrains/IntelliJ IDEA 2023.2/lib/externalProcess-rt.jar
Launcher Type: SUN_STANDARD

[Global flags]
     intx CICompilerCount                          = 4                                         {product} {ergonomic}
     uint ConcGCThreads                            = 2                                         {product} {ergonomic}
     uint G1ConcRefinementThreads                  = 8                                         {product} {ergonomic}
   size_t G1HeapRegionSize                         = 1048576                                   {product} {ergonomic}
    uintx GCDrainStackTargetSize                   = 64                                        {product} {ergonomic}
   size_t InitialHeapSize                          = 132120576                                 {product} {ergonomic}
   size_t MarkStackSize                            = 4194304                                   {product} {ergonomic}
   size_t MaxHeapSize                              = 2099249152                                {product} {ergonomic}
   size_t MaxNewSize                               = 1259339776                                {product} {ergonomic}
   size_t MinHeapDeltaBytes                        = 1048576                                   {product} {ergonomic}
   size_t MinHeapSize                              = 8388608                                   {product} {ergonomic}
    uintx NonNMethodCodeHeapSize                   = 5839372                                {pd product} {ergonomic}
    uintx NonProfiledCodeHeapSize                  = 122909434                              {pd product} {ergonomic}
    uintx ProfiledCodeHeapSize                     = 122909434                              {pd product} {ergonomic}
    uintx ReservedCodeCacheSize                    = 251658240                              {pd product} {ergonomic}
     bool SegmentedCodeCache                       = true                                      {product} {ergonomic}
   size_t SoftMaxHeapSize                          = 2099249152                             {manageable} {ergonomic}
     bool UseCompressedClassPointers               = true                           {product lp64_product} {ergonomic}
     bool UseCompressedOops                        = true                           {product lp64_product} {ergonomic}
     bool UseG1GC                                  = true                                      {product} {ergonomic}
     bool UseLargePagesIndividualAllocation        = false                                  {pd product} {ergonomic}

Logging:
Log output configuration:
 #0: stdout all=warning uptime,level,tags
 #1: stderr all=off uptime,level,tags

Environment Variables:
PATH=C:/Program Files/Git/mingw64/libexec/git-core;C:/Program Files/Git/mingw64/libexec/git-core;C:\Program Files\Git\mingw64\bin;C:\Program Files\Git\usr\bin;C:\Users\Plamen Kamenov\bin;C:\Python312\Scripts\;C:\Python312\;C:\Windows\system32;C:\Windows;C:\Windows\System32\Wbem;C:\Windows\System32\WindowsPowerShell\v1.0\;C:\Windows\System32\OpenSSH\;C:\Program Files\nodejs\;C:\ProgramData\chocolatey\bin;C:\Program Files\Git\cmd;C:\Program Files\dotnet\;C:\Program Files\Microsoft SQL Server\Client SDK\ODBC\170\Tools\Binn\;C:\Program Files (x86)\Microsoft SQL Server\150\Tools\Binn\;C:\Program Files\Microsoft SQL Server\150\Tools\Binn\;C:\Program Files\Microsoft SQL Server\150\DTS\Binn\;C:\Program Files\MySQL\MySQL Shell 8.0\bin\;C:\Users\Plamen Kamenov\AppData\Local\Microsoft\WindowsApps;C:\Users\Plamen Kamenov\AppData\Roaming\npm;C:\Users\Plamen Kamenov\AppData\Local\Programs\Microsoft VS Code\bin
USERNAME=Plamen Kamenov
DISPLAY=:0.0
LC_ALL=en_US.UTF-8
TERM=xterm-256color
TMPDIR=C:\Users\PLAMEN~1\AppData\Local\Temp
OS=Windows_NT
PROCESSOR_IDENTIFIER=Intel64 Family 6 Model 142 Stepping 12, GenuineIntel
TMP=C:\Users\PLAMEN~1\AppData\Local\Temp
TEMP=C:\Users\PLAMEN~1\AppData\Local\Temp



Periodic native trim disabled

JNI global refs:
JNI global refs: 9, weak refs: 0

JNI global refs memory usage: 843, weak refs: 209

OOME stack traces (most recent first):
Classloader memory used:
Loader bootstrap                                                                       : 989K
Loader jdk.internal.loader.ClassLoaders$PlatformClassLoader                            : 15072B
Loader jdk.internal.loader.ClassLoaders$AppClassLoader                                 : 1808B


---------------  S Y S T E M  ---------------

OS:
 Windows 10 , 64 bit Build 19041 (10.0.19041.3636)
OS uptime: 9 days 17:43 hours
Hyper-V role detected

CPU: total 8 (initial active 8) (4 cores per cpu, 2 threads per core) family 6 model 142 stepping 12 microcode 0xf8, cx8, cmov, fxsr, ht, mmx, 3dnowpref, sse, sse2, sse3, ssse3, sse4.1, sse4.2, popcnt, lzcnt, tsc, tscinvbit, avx, avx2, aes, erms, clmul, bmi1, bmi2, adx, fma, vzeroupper, clflush, clflushopt, hv
Processor Information for all 8 processors :
  Max Mhz: 2112, Current Mhz: 1910, Mhz Limit: 1900

Memory: 4k page, system-wide physical 8006M (423M free)
TotalPageFile size 30505M (AvailPageFile size 1M)
current process WorkingSet (physical memory assigned to process): 39M, peak: 39M
current process commit charge ("private bytes"): 206M, peak: 207M

vm_info: OpenJDK 64-Bit Server VM (17.0.9+7-b1000.46) for windows-amd64 JRE (17.0.9+7-b1000.46), built on 2023-10-27 by "builduser" with MS VC++ 16.10 / 16.11 (VS2019)

END.
